<?xml version="1.0" encoding="UTF-8"?>
<!-- Generated by org.testng.reporters.JUnitReportReporter -->
<testsuite hostname="Home" name="com.acti.testcase.TestLoginPage" tests="4" failures="0" timestamp="5 Aug 2020 20:24:02 GMT" time="43.435" errors="0">
  <testcase name="actilogo" time="14.448" classname="com.acti.testcase.TestLoginPage"/>
  <testcase name="checkbox" time="6.569" classname="com.acti.testcase.TestLoginPage"/>
  <testcase name="verifyLoginpage" time="6.254" classname="com.acti.testcase.TestLoginPage"/>
  <testcase name="validateLoginFun" time="16.164" classname="com.acti.testcase.TestLoginPage"/>
</testsuite> <!-- com.acti.testcase.TestLoginPage -->
