<?xml version="1.0" encoding="UTF-8"?>
<!-- Generated by org.testng.reporters.JUnitReportReporter -->
<testsuite hostname="Home" name="com.acti.testcase.TestLoginPage" tests="4" failures="0" timestamp="4 Aug 2020 18:56:48 GMT" time="33.447" errors="0">
  <testcase name="actilogo" time="7.517" classname="com.acti.testcase.TestLoginPage"/>
  <testcase name="validateLoginFun" time="10.240" classname="com.acti.testcase.TestLoginPage"/>
  <testcase name="checkbox" time="9.292" classname="com.acti.testcase.TestLoginPage"/>
  <testcase name="verifyLoginpage" time="6.398" classname="com.acti.testcase.TestLoginPage"/>
</testsuite> <!-- com.acti.testcase.TestLoginPage -->
