<?xml version="1.0" encoding="UTF-8"?>
<!-- Generated by org.testng.reporters.JUnitReportReporter -->
<testsuite hostname="Home" name="com.acti.base.DriverScript" tests="1" failures="0" timestamp="29 Jul 2020 20:00:52 GMT" time="7.664" errors="0">
  <testcase name="initBrowser" time="7.664" classname="com.acti.base.DriverScript"/>
</testsuite> <!-- com.acti.base.DriverScript -->
