<?xml version="1.0" encoding="UTF-8"?>
<!-- Generated by org.testng.reporters.JUnitReportReporter -->
<testsuite hostname="Home" name="com.acti.testcase.TestCreateCustomer" tests="1" failures="0" timestamp="5 Aug 2020 20:11:04 GMT" time="24.955" errors="0">
  <testcase name="TestCreateCustomer" time="24.955" classname="com.acti.testcase.TestCreateCustomer"/>
</testsuite> <!-- com.acti.testcase.TestCreateCustomer -->
