<?xml version="1.0" encoding="UTF-8"?>
<!-- Generated by org.testng.reporters.JUnitReportReporter -->
<testsuite hostname="Home" name="com.acti.testcase.TestCreateCustomer" tests="1" failures="0" timestamp="5 Aug 2020 17:53:20 GMT" time="19.520" errors="0">
  <testcase name="TestCreateCustomer" time="19.520" classname="com.acti.testcase.TestCreateCustomer"/>
</testsuite> <!-- com.acti.testcase.TestCreateCustomer -->
